<?xml version="1.0" encoding="UTF-8"?>
<testng-results ignored="0" total="1" passed="1" failed="0" skipped="0">
  <reporter-output>
  </reporter-output>
  <suite started-at="2024-07-19T18:58:40 IST" name="Default suite" finished-at="2024-07-19T18:59:26 IST" duration-ms="46520">
    <groups>
    </groups>
    <test started-at="2024-07-19T18:58:40 IST" name="Default test" finished-at="2024-07-19T18:59:26 IST" duration-ms="46520">
      <class name="Campaign.TestCase3_CreateCampaignTest">
        <test-method is-config="true" signature="BS()[pri:0, instance:Campaign.TestCase3_CreateCampaignTest@792b749c]" started-at="2024-07-19T18:58:40 IST" name="BS" finished-at="2024-07-19T18:58:40 IST" duration-ms="28" status="PASS">
          <reporter-output>
          </reporter-output>
        </test-method> <!-- BS -->
        <test-method is-config="true" signature="BT()[pri:0, instance:Campaign.TestCase3_CreateCampaignTest@792b749c]" started-at="2024-07-19T18:58:40 IST" name="BT" finished-at="2024-07-19T18:58:40 IST" duration-ms="1" status="PASS">
          <reporter-output>
          </reporter-output>
        </test-method> <!-- BT -->
        <test-method is-config="true" signature="BC()[pri:0, instance:Campaign.TestCase3_CreateCampaignTest@792b749c]" started-at="2024-07-19T18:58:40 IST" name="BC" finished-at="2024-07-19T18:58:46 IST" duration-ms="6282" status="PASS">
          <reporter-output>
          </reporter-output>
        </test-method> <!-- BC -->
        <test-method is-config="true" signature="BM()[pri:0, instance:Campaign.TestCase3_CreateCampaignTest@792b749c]" started-at="2024-07-19T18:58:46 IST" name="BM" finished-at="2024-07-19T18:58:57 IST" duration-ms="11098" status="PASS">
          <reporter-output>
          </reporter-output>
        </test-method> <!-- BM -->
        <test-method signature="testCase3_CreateCampaignTest()[pri:0, instance:Campaign.TestCase3_CreateCampaignTest@792b749c]" started-at="2024-07-19T18:58:57 IST" name="testCase3_CreateCampaignTest" finished-at="2024-07-19T18:59:24 IST" duration-ms="27108" status="PASS">
          <reporter-output>
          </reporter-output>
        </test-method> <!-- testCase3_CreateCampaignTest -->
        <test-method is-config="true" signature="AM()[pri:0, instance:Campaign.TestCase3_CreateCampaignTest@792b749c]" started-at="2024-07-19T18:59:24 IST" name="AM" finished-at="2024-07-19T18:59:26 IST" duration-ms="1767" status="PASS">
          <reporter-output>
          </reporter-output>
        </test-method> <!-- AM -->
        <test-method is-config="true" signature="AC()[pri:0, instance:Campaign.TestCase3_CreateCampaignTest@792b749c]" started-at="2024-07-19T18:59:26 IST" name="AC" finished-at="2024-07-19T18:59:26 IST" duration-ms="201" status="PASS">
          <reporter-output>
          </reporter-output>
        </test-method> <!-- AC -->
        <test-method is-config="true" signature="AT()[pri:0, instance:Campaign.TestCase3_CreateCampaignTest@792b749c]" started-at="2024-07-19T18:59:26 IST" name="AT" finished-at="2024-07-19T18:59:26 IST" duration-ms="0" status="PASS">
          <reporter-output>
          </reporter-output>
        </test-method> <!-- AT -->
        <test-method is-config="true" signature="AS()[pri:0, instance:Campaign.TestCase3_CreateCampaignTest@792b749c]" started-at="2024-07-19T18:59:26 IST" name="AS" finished-at="2024-07-19T18:59:26 IST" duration-ms="241" status="PASS">
          <reporter-output>
          </reporter-output>
        </test-method> <!-- AS -->
      </class> <!-- Campaign.TestCase3_CreateCampaignTest -->
    </test> <!-- Default test -->
  </suite> <!-- Default suite -->
</testng-results>
